/scratch/yl9539/miniconda3/envs/openmmlab/lib/python3.8/site-packages/torch/distributed/launch.py:180: FutureWarning: The module torch.distributed.launch is deprecated
and will be removed in future. Use torchrun.
Note that --use_env is set by default in torchrun.
If your script expects `--local_rank` argument to be set, please
change it to read from `os.environ['LOCAL_RANK']` instead. See 
https://pytorch.org/docs/stable/distributed.html#launch-utility for 
further instructions

  warnings.warn(
WARNING:torch.distributed.run:
*****************************************
Setting OMP_NUM_THREADS environment variable for each process to be 1 in default, to avoid your system being overloaded, please further tune the variable for optimal performance in your application as needed. 
*****************************************
/scratch/yl9539/miniconda3/envs/openmmlab/lib/python3.8/site-packages/mmcv/__init__.py:20: UserWarning: On January 1, 2023, MMCV will release v2.0.0, in which it will remove components related to the training process and add a data transformation module. In addition, it will rename the package names mmcv to mmcv-lite and mmcv-full to mmcv. See https://github.com/open-mmlab/mmcv/blob/master/docs/en/compatibility.md for more details.
  warnings.warn(
/scratch/yl9539/miniconda3/envs/openmmlab/lib/python3.8/site-packages/mmcv/__init__.py:20: UserWarning: On January 1, 2023, MMCV will release v2.0.0, in which it will remove components related to the training process and add a data transformation module. In addition, it will rename the package names mmcv to mmcv-lite and mmcv-full to mmcv. See https://github.com/open-mmlab/mmcv/blob/master/docs/en/compatibility.md for more details.
  warnings.warn(
/scratch/yl9539/miniconda3/envs/openmmlab/lib/python3.8/site-packages/mmcv/__init__.py:20: UserWarning: On January 1, 2023, MMCV will release v2.0.0, in which it will remove components related to the training process and add a data transformation module. In addition, it will rename the package names mmcv to mmcv-lite and mmcv-full to mmcv. See https://github.com/open-mmlab/mmcv/blob/master/docs/en/compatibility.md for more details.
  warnings.warn(
/scratch/yl9539/miniconda3/envs/openmmlab/lib/python3.8/site-packages/mmcv/__init__.py:20: UserWarning: On January 1, 2023, MMCV will release v2.0.0, in which it will remove components related to the training process and add a data transformation module. In addition, it will rename the package names mmcv to mmcv-lite and mmcv-full to mmcv. See https://github.com/open-mmlab/mmcv/blob/master/docs/en/compatibility.md for more details.
  warnings.warn(
/home/yl9539/.local/lib/python3.8/site-packages/torchvision/io/image.py:13: UserWarning: Failed to load image Python extension: /home/yl9539/.local/lib/python3.8/site-packages/torchvision/image.so: undefined symbol: _ZN2at4_ops19empty_memory_format4callEN3c108ArrayRefIlEENS2_8optionalINS2_10ScalarTypeEEENS5_INS2_6LayoutEEENS5_INS2_6DeviceEEENS5_IbEENS5_INS2_12MemoryFormatEEE
  warn(f"Failed to load image Python extension: {e}")
/home/yl9539/.local/lib/python3.8/site-packages/torchvision/io/image.py:13: UserWarning: Failed to load image Python extension: /home/yl9539/.local/lib/python3.8/site-packages/torchvision/image.so: undefined symbol: _ZN2at4_ops19empty_memory_format4callEN3c108ArrayRefIlEENS2_8optionalINS2_10ScalarTypeEEENS5_INS2_6LayoutEEENS5_INS2_6DeviceEEENS5_IbEENS5_INS2_12MemoryFormatEEE
  warn(f"Failed to load image Python extension: {e}")
/home/yl9539/.local/lib/python3.8/site-packages/torchvision/io/image.py:13: UserWarning: Failed to load image Python extension: /home/yl9539/.local/lib/python3.8/site-packages/torchvision/image.so: undefined symbol: _ZN2at4_ops19empty_memory_format4callEN3c108ArrayRefIlEENS2_8optionalINS2_10ScalarTypeEEENS5_INS2_6LayoutEEENS5_INS2_6DeviceEEENS5_IbEENS5_INS2_12MemoryFormatEEE
  warn(f"Failed to load image Python extension: {e}")
/home/yl9539/.local/lib/python3.8/site-packages/torchvision/io/image.py:13: UserWarning: Failed to load image Python extension: /home/yl9539/.local/lib/python3.8/site-packages/torchvision/image.so: undefined symbol: _ZN2at4_ops19empty_memory_format4callEN3c108ArrayRefIlEENS2_8optionalINS2_10ScalarTypeEEENS5_INS2_6LayoutEEENS5_INS2_6DeviceEEENS5_IbEENS5_INS2_12MemoryFormatEEE
  warn(f"Failed to load image Python extension: {e}")
/scratch/yl9539/mmdetection/mmdet/utils/setup_env.py:48: UserWarning: Setting MKL_NUM_THREADS environment variable for each process to be 1 in default, to avoid your system being overloaded, please further tune the variable for optimal performance in your application as needed.
  warnings.warn(
/scratch/yl9539/mmdetection/mmdet/utils/setup_env.py:48: UserWarning: Setting MKL_NUM_THREADS environment variable for each process to be 1 in default, to avoid your system being overloaded, please further tune the variable for optimal performance in your application as needed.
  warnings.warn(
/scratch/yl9539/mmdetection/mmdet/utils/setup_env.py:48: UserWarning: Setting MKL_NUM_THREADS environment variable for each process to be 1 in default, to avoid your system being overloaded, please further tune the variable for optimal performance in your application as needed.
  warnings.warn(
/scratch/yl9539/mmdetection/mmdet/utils/setup_env.py:48: UserWarning: Setting MKL_NUM_THREADS environment variable for each process to be 1 in default, to avoid your system being overloaded, please further tune the variable for optimal performance in your application as needed.
  warnings.warn(
2022-12-16 17:02:33,085 - mmdet - INFO - Environment info:
------------------------------------------------------------
sys.platform: linux
Python: 3.8.15 (default, Nov 24 2022, 15:19:38) [GCC 11.2.0]
CUDA available: True
GPU 0,1,2,3: Quadro RTX 8000
CUDA_HOME: /scratch/yl9539/miniconda3/envs/openmmlab
NVCC: Cuda compilation tools, release 11.7, V11.7.99
GCC: gcc (GCC) 8.4.1 20200928 (Red Hat 8.4.1-1)
PyTorch: 1.13.1
PyTorch compiling details: PyTorch built with:
  - GCC 9.3
  - C++ Version: 201402
  - Intel(R) oneAPI Math Kernel Library Version 2021.4-Product Build 20210904 for Intel(R) 64 architecture applications
  - Intel(R) MKL-DNN v2.6.0 (Git Hash 52b5f107dd9cf10910aaa19cb47f3abf9b349815)
  - OpenMP 201511 (a.k.a. OpenMP 4.5)
  - LAPACK is enabled (usually provided by MKL)
  - NNPACK is enabled
  - CPU capability usage: AVX2
  - CUDA Runtime 11.7
  - NVCC architecture flags: -gencode;arch=compute_37,code=sm_37;-gencode;arch=compute_50,code=sm_50;-gencode;arch=compute_60,code=sm_60;-gencode;arch=compute_61,code=sm_61;-gencode;arch=compute_70,code=sm_70;-gencode;arch=compute_75,code=sm_75;-gencode;arch=compute_80,code=sm_80;-gencode;arch=compute_86,code=sm_86;-gencode;arch=compute_37,code=compute_37
  - CuDNN 8.5
  - Magma 2.6.1
  - Build settings: BLAS_INFO=mkl, BUILD_TYPE=Release, CUDA_VERSION=11.7, CUDNN_VERSION=8.5.0, CXX_COMPILER=/opt/rh/devtoolset-9/root/usr/bin/c++, CXX_FLAGS= -fabi-version=11 -Wno-deprecated -fvisibility-inlines-hidden -DUSE_PTHREADPOOL -fopenmp -DNDEBUG -DUSE_KINETO -DUSE_FBGEMM -DUSE_QNNPACK -DUSE_PYTORCH_QNNPACK -DUSE_XNNPACK -DSYMBOLICATE_MOBILE_DEBUG_HANDLE -DEDGE_PROFILER_USE_KINETO -O2 -fPIC -Wno-narrowing -Wall -Wextra -Werror=return-type -Werror=non-virtual-dtor -Wno-missing-field-initializers -Wno-type-limits -Wno-array-bounds -Wno-unknown-pragmas -Wunused-local-typedefs -Wno-unused-parameter -Wno-unused-function -Wno-unused-result -Wno-strict-overflow -Wno-strict-aliasing -Wno-error=deprecated-declarations -Wno-stringop-overflow -Wno-psabi -Wno-error=pedantic -Wno-error=redundant-decls -Wno-error=old-style-cast -fdiagnostics-color=always -faligned-new -Wno-unused-but-set-variable -Wno-maybe-uninitialized -fno-math-errno -fno-trapping-math -Werror=format -Werror=cast-function-type -Wno-stringop-overflow, LAPACK_INFO=mkl, PERF_WITH_AVX=1, PERF_WITH_AVX2=1, PERF_WITH_AVX512=1, TORCH_VERSION=1.13.1, USE_CUDA=ON, USE_CUDNN=ON, USE_EXCEPTION_PTR=1, USE_GFLAGS=OFF, USE_GLOG=OFF, USE_MKL=ON, USE_MKLDNN=ON, USE_MPI=OFF, USE_NCCL=ON, USE_NNPACK=ON, USE_OPENMP=ON, USE_ROCM=OFF, 

TorchVision: 0.13.1+cu102
OpenCV: 4.6.0
MMCV: 1.7.0
MMCV Compiler: GCC 9.3
MMCV CUDA Compiler: 11.7
MMDetection: 2.26.0+31c8495
------------------------------------------------------------

2022-12-16 17:02:34,284 - mmdet - INFO - Distributed training: True
2022-12-16 17:02:35,403 - mmdet - INFO - Config:
model = dict(
    type='MaskRCNN',
    backbone=dict(
        type='SwinTransformer',
        embed_dims=96,
        depths=[2, 2, 6, 2],
        num_heads=[3, 6, 12, 24],
        window_size=7,
        mlp_ratio=4,
        qkv_bias=True,
        qk_scale=None,
        drop_rate=0.0,
        attn_drop_rate=0.0,
        drop_path_rate=0.2,
        patch_norm=True,
        out_indices=(0, 1, 2, 3),
        with_cp=False,
        convert_weights=True,
        init_cfg=dict(
            type='Pretrained',
            checkpoint=
            'https://github.com/SwinTransformer/storage/releases/download/v1.0.0/swin_tiny_patch4_window7_224.pth'
        )),
    neck=dict(
        type='FPN',
        in_channels=[96, 192, 384, 768],
        out_channels=256,
        num_outs=5),
    rpn_head=dict(
        type='RPNHead',
        in_channels=256,
        feat_channels=256,
        anchor_generator=dict(
            type='AnchorGenerator',
            scales=[8],
            ratios=[0.5, 1.0, 2.0],
            strides=[4, 8, 16, 32, 64]),
        bbox_coder=dict(
            type='DeltaXYWHBBoxCoder',
            target_means=[0.0, 0.0, 0.0, 0.0],
            target_stds=[1.0, 1.0, 1.0, 1.0]),
        loss_cls=dict(
            type='CrossEntropyLoss', use_sigmoid=True, loss_weight=1.0),
        loss_bbox=dict(type='L1Loss', loss_weight=1.0)),
    roi_head=dict(
        type='StandardRoIHead',
        bbox_roi_extractor=dict(
            type='SingleRoIExtractor',
            roi_layer=dict(type='RoIAlign', output_size=7, sampling_ratio=0),
            out_channels=256,
            featmap_strides=[4, 8, 16, 32]),
        bbox_head=dict(
            type='Shared2FCBBoxHead',
            in_channels=256,
            fc_out_channels=1024,
            roi_feat_size=7,
            num_classes=80,
            bbox_coder=dict(
                type='DeltaXYWHBBoxCoder',
                target_means=[0.0, 0.0, 0.0, 0.0],
                target_stds=[0.1, 0.1, 0.2, 0.2]),
            reg_class_agnostic=False,
            loss_cls=dict(
                type='CrossEntropyLoss', use_sigmoid=False, loss_weight=1.0),
            loss_bbox=dict(type='L1Loss', loss_weight=1.0)),
        mask_roi_extractor=dict(
            type='SingleRoIExtractor',
            roi_layer=dict(type='RoIAlign', output_size=14, sampling_ratio=0),
            out_channels=256,
            featmap_strides=[4, 8, 16, 32]),
        mask_head=dict(
            type='FCNMaskHead',
            num_convs=4,
            in_channels=256,
            conv_out_channels=256,
            num_classes=80,
            loss_mask=dict(
                type='CrossEntropyLoss', use_mask=True, loss_weight=1.0))),
    train_cfg=dict(
        rpn=dict(
            assigner=dict(
                type='MaxIoUAssigner',
                pos_iou_thr=0.7,
                neg_iou_thr=0.3,
                min_pos_iou=0.3,
                match_low_quality=True,
                ignore_iof_thr=-1),
            sampler=dict(
                type='RandomSampler',
                num=256,
                pos_fraction=0.5,
                neg_pos_ub=-1,
                add_gt_as_proposals=False),
            allowed_border=-1,
            pos_weight=-1,
            debug=False),
        rpn_proposal=dict(
            nms_pre=2000,
            max_per_img=1000,
            nms=dict(type='nms', iou_threshold=0.7),
            min_bbox_size=0),
        rcnn=dict(
            assigner=dict(
                type='MaxIoUAssigner',
                pos_iou_thr=0.5,
                neg_iou_thr=0.5,
                min_pos_iou=0.5,
                match_low_quality=True,
                ignore_iof_thr=-1),
            sampler=dict(
                type='RandomSampler',
                num=512,
                pos_fraction=0.25,
                neg_pos_ub=-1,
                add_gt_as_proposals=True),
            mask_size=28,
            pos_weight=-1,
            debug=False)),
    test_cfg=dict(
        rpn=dict(
            nms_pre=1000,
            max_per_img=1000,
            nms=dict(type='nms', iou_threshold=0.7),
            min_bbox_size=0),
        rcnn=dict(
            score_thr=0.05,
            nms=dict(type='nms', iou_threshold=0.5),
            max_per_img=100,
            mask_thr_binary=0.5)))
dataset_type = 'CocoDataset'
data_root = '../Swin-Transformer-Object-Detection/data/coco/'
img_norm_cfg = dict(
    mean=[123.675, 116.28, 103.53], std=[58.395, 57.12, 57.375], to_rgb=True)
train_pipeline = [
    dict(type='LoadImageFromFile'),
    dict(type='LoadAnnotations', with_bbox=True, with_mask=True),
    dict(type='Resize', img_scale=(1333, 800), keep_ratio=True),
    dict(type='RandomFlip', flip_ratio=0.5),
    dict(
        type='Normalize',
        mean=[123.675, 116.28, 103.53],
        std=[58.395, 57.12, 57.375],
        to_rgb=True),
    dict(type='Pad', size_divisor=32),
    dict(type='DefaultFormatBundle'),
    dict(type='Collect', keys=['img', 'gt_bboxes', 'gt_labels', 'gt_masks'])
]
test_pipeline = [
    dict(type='LoadImageFromFile'),
    dict(
        type='MultiScaleFlipAug',
        img_scale=(1333, 800),
        flip=False,
        transforms=[
            dict(type='Resize', keep_ratio=True),
            dict(type='RandomFlip'),
            dict(
                type='Normalize',
                mean=[123.675, 116.28, 103.53],
                std=[58.395, 57.12, 57.375],
                to_rgb=True),
            dict(type='Pad', size_divisor=32),
            dict(type='ImageToTensor', keys=['img']),
            dict(type='Collect', keys=['img'])
        ])
]
data = dict(
    samples_per_gpu=2,
    workers_per_gpu=2,
    train=dict(
        type='CocoDataset',
        ann_file=
        '../Swin-Transformer-Object-Detection/data/coco/annotations/instances_train2017.json',
        img_prefix='../Swin-Transformer-Object-Detection/data/coco/train2017/',
        pipeline=[
            dict(type='LoadImageFromFile'),
            dict(type='LoadAnnotations', with_bbox=True, with_mask=True),
            dict(type='Resize', img_scale=(1333, 800), keep_ratio=True),
            dict(type='RandomFlip', flip_ratio=0.5),
            dict(
                type='Normalize',
                mean=[123.675, 116.28, 103.53],
                std=[58.395, 57.12, 57.375],
                to_rgb=True),
            dict(type='Pad', size_divisor=32),
            dict(type='DefaultFormatBundle'),
            dict(
                type='Collect',
                keys=['img', 'gt_bboxes', 'gt_labels', 'gt_masks'])
        ]),
    val=dict(
        type='CocoDataset',
        ann_file=
        '../Swin-Transformer-Object-Detection/data/coco/annotations/instances_val2017.json',
        img_prefix='../Swin-Transformer-Object-Detection/data/coco/val2017/',
        pipeline=[
            dict(type='LoadImageFromFile'),
            dict(
                type='MultiScaleFlipAug',
                img_scale=(1333, 800),
                flip=False,
                transforms=[
                    dict(type='Resize', keep_ratio=True),
                    dict(type='RandomFlip'),
                    dict(
                        type='Normalize',
                        mean=[123.675, 116.28, 103.53],
                        std=[58.395, 57.12, 57.375],
                        to_rgb=True),
                    dict(type='Pad', size_divisor=32),
                    dict(type='ImageToTensor', keys=['img']),
                    dict(type='Collect', keys=['img'])
                ])
        ]),
    test=dict(
        type='CocoDataset',
        ann_file=
        '../Swin-Transformer-Object-Detection/data/coco/annotations/instances_val2017.json',
        img_prefix='../Swin-Transformer-Object-Detection/data/coco/val2017/',
        pipeline=[
            dict(type='LoadImageFromFile'),
            dict(
                type='MultiScaleFlipAug',
                img_scale=(1333, 800),
                flip=False,
                transforms=[
                    dict(type='Resize', keep_ratio=True),
                    dict(type='RandomFlip'),
                    dict(
                        type='Normalize',
                        mean=[123.675, 116.28, 103.53],
                        std=[58.395, 57.12, 57.375],
                        to_rgb=True),
                    dict(type='Pad', size_divisor=32),
                    dict(type='ImageToTensor', keys=['img']),
                    dict(type='Collect', keys=['img'])
                ])
        ]))
evaluation = dict(metric=['bbox', 'segm'])
optimizer = dict(
    type='AdamW',
    lr=0.0001,
    betas=(0.9, 0.999),
    weight_decay=0.05,
    paramwise_cfg=dict(
        custom_keys=dict(
            absolute_pos_embed=dict(decay_mult=0.0),
            relative_position_bias_table=dict(decay_mult=0.0),
            norm=dict(decay_mult=0.0))))
optimizer_config = dict(grad_clip=None)
lr_config = dict(
    policy='step',
    warmup='linear',
    warmup_iters=1000,
    warmup_ratio=0.001,
    step=[8, 11])
runner = dict(type='EpochBasedRunner', max_epochs=12)
checkpoint_config = dict(interval=1)
log_config = dict(interval=50, hooks=[dict(type='TextLoggerHook')])
custom_hooks = [dict(type='NumClassCheckHook')]
dist_params = dict(backend='nccl')
log_level = 'INFO'
load_from = '/scratch/yl9539/mmdetection/zoo/swin_ckpt_epoch_92.pth'
resume_from = None
workflow = [('train', 1)]
opencv_num_threads = 0
mp_start_method = 'fork'
auto_scale_lr = dict(enable=False, base_batch_size=16)
pretrained = 'https://github.com/SwinTransformer/storage/releases/download/v1.0.0/swin_tiny_patch4_window7_224.pth'
work_dir = './work_dirs/mask_rcnn_swin-t-p4-w7_fpn_1x_coco_datapath_loadckpt_new'
auto_resume = False
gpu_ids = range(0, 4)

2022-12-16 17:02:35,407 - mmdet - INFO - Set random seed to 0, deterministic: False
2022-12-16 17:02:36,028 - mmdet - INFO - load checkpoint from http path: https://github.com/SwinTransformer/storage/releases/download/v1.0.0/swin_tiny_patch4_window7_224.pth
2022-12-16 17:02:40,134 - mmdet - INFO - initialize FPN with init_cfg {'type': 'Xavier', 'layer': 'Conv2d', 'distribution': 'uniform'}
2022-12-16 17:02:40,153 - mmdet - INFO - initialize RPNHead with init_cfg {'type': 'Normal', 'layer': 'Conv2d', 'std': 0.01}
2022-12-16 17:02:40,157 - mmdet - INFO - initialize Shared2FCBBoxHead with init_cfg [{'type': 'Normal', 'std': 0.01, 'override': {'name': 'fc_cls'}}, {'type': 'Normal', 'std': 0.001, 'override': {'name': 'fc_reg'}}, {'type': 'Xavier', 'distribution': 'uniform', 'override': [{'name': 'shared_fcs'}, {'name': 'cls_fcs'}, {'name': 'reg_fcs'}]}]
loading annotations into memory...
loading annotations into memory...
loading annotations into memory...
loading annotations into memory...
Done (t=14.68s)
creating index...
Done (t=14.71s)
creating index...
Done (t=14.77s)
creating index...
Done (t=14.88s)
creating index...
index created!
index created!
index created!
index created!
2022-12-16 17:02:58,271 - mmdet - INFO - Automatic scaling of learning rate (LR) has been disabled.
loading annotations into memory...
loading annotations into memory...
loading annotations into memory...
loading annotations into memory...
Done (t=0.50s)
creating index...
Done (t=0.50s)
creating index...
Done (t=0.50s)
creating index...
Done (t=0.50s)
creating index...
index created!
index created!
index created!
index created!
2022-12-16 17:02:58,960 - mmdet - INFO - load checkpoint from local path: /scratch/yl9539/mmdetection/zoo/swin_ckpt_epoch_92.pth
2022-12-16 17:03:01,921 - mmdet - WARNING - The model and loaded state dict do not match exactly

unexpected key in source state_dict: model, optimizer, lr_scheduler, max_accuracy, epoch, config, amp

missing keys in source state_dict: backbone.patch_embed.projection.weight, backbone.patch_embed.projection.bias, backbone.patch_embed.norm.weight, backbone.patch_embed.norm.bias, backbone.stages.0.blocks.0.norm1.weight, backbone.stages.0.blocks.0.norm1.bias, backbone.stages.0.blocks.0.attn.w_msa.relative_position_bias_table, backbone.stages.0.blocks.0.attn.w_msa.relative_position_index, backbone.stages.0.blocks.0.attn.w_msa.qkv.weight, backbone.stages.0.blocks.0.attn.w_msa.qkv.bias, backbone.stages.0.blocks.0.attn.w_msa.proj.weight, backbone.stages.0.blocks.0.attn.w_msa.proj.bias, backbone.stages.0.blocks.0.norm2.weight, backbone.stages.0.blocks.0.norm2.bias, backbone.stages.0.blocks.0.ffn.layers.0.0.weight, backbone.stages.0.blocks.0.ffn.layers.0.0.bias, backbone.stages.0.blocks.0.ffn.layers.1.weight, backbone.stages.0.blocks.0.ffn.layers.1.bias, backbone.stages.0.blocks.1.norm1.weight, backbone.stages.0.blocks.1.norm1.bias, backbone.stages.0.blocks.1.attn.w_msa.relative_position_bias_table, backbone.stages.0.blocks.1.attn.w_msa.relative_position_index, backbone.stages.0.blocks.1.attn.w_msa.qkv.weight, backbone.stages.0.blocks.1.attn.w_msa.qkv.bias, backbone.stages.0.blocks.1.attn.w_msa.proj.weight, backbone.stages.0.blocks.1.attn.w_msa.proj.bias, backbone.stages.0.blocks.1.norm2.weight, backbone.stages.0.blocks.1.norm2.bias, backbone.stages.0.blocks.1.ffn.layers.0.0.weight, backbone.stages.0.blocks.1.ffn.layers.0.0.bias, backbone.stages.0.blocks.1.ffn.layers.1.weight, backbone.stages.0.blocks.1.ffn.layers.1.bias, backbone.stages.0.downsample.norm.weight, backbone.stages.0.downsample.norm.bias, backbone.stages.0.downsample.reduction.weight, backbone.stages.1.blocks.0.norm1.weight, backbone.stages.1.blocks.0.norm1.bias, backbone.stages.1.blocks.0.attn.w_msa.relative_position_bias_table, backbone.stages.1.blocks.0.attn.w_msa.relative_position_index, backbone.stages.1.blocks.0.attn.w_msa.qkv.weight, backbone.stages.1.blocks.0.attn.w_msa.qkv.bias, backbone.stages.1.blocks.0.attn.w_msa.proj.weight, backbone.stages.1.blocks.0.attn.w_msa.proj.bias, backbone.stages.1.blocks.0.norm2.weight, backbone.stages.1.blocks.0.norm2.bias, backbone.stages.1.blocks.0.ffn.layers.0.0.weight, backbone.stages.1.blocks.0.ffn.layers.0.0.bias, backbone.stages.1.blocks.0.ffn.layers.1.weight, backbone.stages.1.blocks.0.ffn.layers.1.bias, backbone.stages.1.blocks.1.norm1.weight, backbone.stages.1.blocks.1.norm1.bias, backbone.stages.1.blocks.1.attn.w_msa.relative_position_bias_table, backbone.stages.1.blocks.1.attn.w_msa.relative_position_index, backbone.stages.1.blocks.1.attn.w_msa.qkv.weight, backbone.stages.1.blocks.1.attn.w_msa.qkv.bias, backbone.stages.1.blocks.1.attn.w_msa.proj.weight, backbone.stages.1.blocks.1.attn.w_msa.proj.bias, backbone.stages.1.blocks.1.norm2.weight, backbone.stages.1.blocks.1.norm2.bias, backbone.stages.1.blocks.1.ffn.layers.0.0.weight, backbone.stages.1.blocks.1.ffn.layers.0.0.bias, backbone.stages.1.blocks.1.ffn.layers.1.weight, backbone.stages.1.blocks.1.ffn.layers.1.bias, backbone.stages.1.downsample.norm.weight, backbone.stages.1.downsample.norm.bias, backbone.stages.1.downsample.reduction.weight, backbone.stages.2.blocks.0.norm1.weight, backbone.stages.2.blocks.0.norm1.bias, backbone.stages.2.blocks.0.attn.w_msa.relative_position_bias_table, backbone.stages.2.blocks.0.attn.w_msa.relative_position_index, backbone.stages.2.blocks.0.attn.w_msa.qkv.weight, backbone.stages.2.blocks.0.attn.w_msa.qkv.bias, backbone.stages.2.blocks.0.attn.w_msa.proj.weight, backbone.stages.2.blocks.0.attn.w_msa.proj.bias, backbone.stages.2.blocks.0.norm2.weight, backbone.stages.2.blocks.0.norm2.bias, backbone.stages.2.blocks.0.ffn.layers.0.0.weight, backbone.stages.2.blocks.0.ffn.layers.0.0.bias, backbone.stages.2.blocks.0.ffn.layers.1.weight, backbone.stages.2.blocks.0.ffn.layers.1.bias, backbone.stages.2.blocks.1.norm1.weight, backbone.stages.2.blocks.1.norm1.bias, backbone.stages.2.blocks.1.attn.w_msa.relative_position_bias_table, backbone.stages.2.blocks.1.attn.w_msa.relative_position_index, backbone.stages.2.blocks.1.attn.w_msa.qkv.weight, backbone.stages.2.blocks.1.attn.w_msa.qkv.bias, backbone.stages.2.blocks.1.attn.w_msa.proj.weight, backbone.stages.2.blocks.1.attn.w_msa.proj.bias, backbone.stages.2.blocks.1.norm2.weight, backbone.stages.2.blocks.1.norm2.bias, backbone.stages.2.blocks.1.ffn.layers.0.0.weight, backbone.stages.2.blocks.1.ffn.layers.0.0.bias, backbone.stages.2.blocks.1.ffn.layers.1.weight, backbone.stages.2.blocks.1.ffn.layers.1.bias, backbone.stages.2.blocks.2.norm1.weight, backbone.stages.2.blocks.2.norm1.bias, backbone.stages.2.blocks.2.attn.w_msa.relative_position_bias_table, backbone.stages.2.blocks.2.attn.w_msa.relative_position_index, backbone.stages.2.blocks.2.attn.w_msa.qkv.weight, backbone.stages.2.blocks.2.attn.w_msa.qkv.bias, backbone.stages.2.blocks.2.attn.w_msa.proj.weight, backbone.stages.2.blocks.2.attn.w_msa.proj.bias, backbone.stages.2.blocks.2.norm2.weight, backbone.stages.2.blocks.2.norm2.bias, backbone.stages.2.blocks.2.ffn.layers.0.0.weight, backbone.stages.2.blocks.2.ffn.layers.0.0.bias, backbone.stages.2.blocks.2.ffn.layers.1.weight, backbone.stages.2.blocks.2.ffn.layers.1.bias, backbone.stages.2.blocks.3.norm1.weight, backbone.stages.2.blocks.3.norm1.bias, backbone.stages.2.blocks.3.attn.w_msa.relative_position_bias_table, backbone.stages.2.blocks.3.attn.w_msa.relative_position_index, backbone.stages.2.blocks.3.attn.w_msa.qkv.weight, backbone.stages.2.blocks.3.attn.w_msa.qkv.bias, backbone.stages.2.blocks.3.attn.w_msa.proj.weight, backbone.stages.2.blocks.3.attn.w_msa.proj.bias, backbone.stages.2.blocks.3.norm2.weight, backbone.stages.2.blocks.3.norm2.bias, backbone.stages.2.blocks.3.ffn.layers.0.0.weight, backbone.stages.2.blocks.3.ffn.layers.0.0.bias, backbone.stages.2.blocks.3.ffn.layers.1.weight, backbone.stages.2.blocks.3.ffn.layers.1.bias, backbone.stages.2.blocks.4.norm1.weight, backbone.stages.2.blocks.4.norm1.bias, backbone.stages.2.blocks.4.attn.w_msa.relative_position_bias_table, backbone.stages.2.blocks.4.attn.w_msa.relative_position_index, backbone.stages.2.blocks.4.attn.w_msa.qkv.weight, backbone.stages.2.blocks.4.attn.w_msa.qkv.bias, backbone.stages.2.blocks.4.attn.w_msa.proj.weight, backbone.stages.2.blocks.4.attn.w_msa.proj.bias, backbone.stages.2.blocks.4.norm2.weight, backbone.stages.2.blocks.4.norm2.bias, backbone.stages.2.blocks.4.ffn.layers.0.0.weight, backbone.stages.2.blocks.4.ffn.layers.0.0.bias, backbone.stages.2.blocks.4.ffn.layers.1.weight, backbone.stages.2.blocks.4.ffn.layers.1.bias, backbone.stages.2.blocks.5.norm1.weight, backbone.stages.2.blocks.5.norm1.bias, backbone.stages.2.blocks.5.attn.w_msa.relative_position_bias_table, backbone.stages.2.blocks.5.attn.w_msa.relative_position_index, backbone.stages.2.blocks.5.attn.w_msa.qkv.weight, backbone.stages.2.blocks.5.attn.w_msa.qkv.bias, backbone.stages.2.blocks.5.attn.w_msa.proj.weight, backbone.stages.2.blocks.5.attn.w_msa.proj.bias, backbone.stages.2.blocks.5.norm2.weight, backbone.stages.2.blocks.5.norm2.bias, backbone.stages.2.blocks.5.ffn.layers.0.0.weight, backbone.stages.2.blocks.5.ffn.layers.0.0.bias, backbone.stages.2.blocks.5.ffn.layers.1.weight, backbone.stages.2.blocks.5.ffn.layers.1.bias, backbone.stages.2.downsample.norm.weight, backbone.stages.2.downsample.norm.bias, backbone.stages.2.downsample.reduction.weight, backbone.stages.3.blocks.0.norm1.weight, backbone.stages.3.blocks.0.norm1.bias, backbone.stages.3.blocks.0.attn.w_msa.relative_position_bias_table, backbone.stages.3.blocks.0.attn.w_msa.relative_position_index, backbone.stages.3.blocks.0.attn.w_msa.qkv.weight, backbone.stages.3.blocks.0.attn.w_msa.qkv.bias, backbone.stages.3.blocks.0.attn.w_msa.proj.weight, backbone.stages.3.blocks.0.attn.w_msa.proj.bias, backbone.stages.3.blocks.0.norm2.weight, backbone.stages.3.blocks.0.norm2.bias, backbone.stages.3.blocks.0.ffn.layers.0.0.weight, backbone.stages.3.blocks.0.ffn.layers.0.0.bias, backbone.stages.3.blocks.0.ffn.layers.1.weight, backbone.stages.3.blocks.0.ffn.layers.1.bias, backbone.stages.3.blocks.1.norm1.weight, backbone.stages.3.blocks.1.norm1.bias, backbone.stages.3.blocks.1.attn.w_msa.relative_position_bias_table, backbone.stages.3.blocks.1.attn.w_msa.relative_position_index, backbone.stages.3.blocks.1.attn.w_msa.qkv.weight, backbone.stages.3.blocks.1.attn.w_msa.qkv.bias, backbone.stages.3.blocks.1.attn.w_msa.proj.weight, backbone.stages.3.blocks.1.attn.w_msa.proj.bias, backbone.stages.3.blocks.1.norm2.weight, backbone.stages.3.blocks.1.norm2.bias, backbone.stages.3.blocks.1.ffn.layers.0.0.weight, backbone.stages.3.blocks.1.ffn.layers.0.0.bias, backbone.stages.3.blocks.1.ffn.layers.1.weight, backbone.stages.3.blocks.1.ffn.layers.1.bias, backbone.norm0.weight, backbone.norm0.bias, backbone.norm1.weight, backbone.norm1.bias, backbone.norm2.weight, backbone.norm2.bias, backbone.norm3.weight, backbone.norm3.bias, neck.lateral_convs.0.conv.weight, neck.lateral_convs.0.conv.bias, neck.lateral_convs.1.conv.weight, neck.lateral_convs.1.conv.bias, neck.lateral_convs.2.conv.weight, neck.lateral_convs.2.conv.bias, neck.lateral_convs.3.conv.weight, neck.lateral_convs.3.conv.bias, neck.fpn_convs.0.conv.weight, neck.fpn_convs.0.conv.bias, neck.fpn_convs.1.conv.weight, neck.fpn_convs.1.conv.bias, neck.fpn_convs.2.conv.weight, neck.fpn_convs.2.conv.bias, neck.fpn_convs.3.conv.weight, neck.fpn_convs.3.conv.bias, rpn_head.rpn_conv.weight, rpn_head.rpn_conv.bias, rpn_head.rpn_cls.weight, rpn_head.rpn_cls.bias, rpn_head.rpn_reg.weight, rpn_head.rpn_reg.bias, roi_head.bbox_head.fc_cls.weight, roi_head.bbox_head.fc_cls.bias, roi_head.bbox_head.fc_reg.weight, roi_head.bbox_head.fc_reg.bias, roi_head.bbox_head.shared_fcs.0.weight, roi_head.bbox_head.shared_fcs.0.bias, roi_head.bbox_head.shared_fcs.1.weight, roi_head.bbox_head.shared_fcs.1.bias, roi_head.mask_head.convs.0.conv.weight, roi_head.mask_head.convs.0.conv.bias, roi_head.mask_head.convs.1.conv.weight, roi_head.mask_head.convs.1.conv.bias, roi_head.mask_head.convs.2.conv.weight, roi_head.mask_head.convs.2.conv.bias, roi_head.mask_head.convs.3.conv.weight, roi_head.mask_head.convs.3.conv.bias, roi_head.mask_head.upsample.weight, roi_head.mask_head.upsample.bias, roi_head.mask_head.conv_logits.weight, roi_head.mask_head.conv_logits.bias

2022-12-16 17:03:01,966 - mmdet - INFO - Start running, host: yl9539@gr044.hpc.nyu.edu, work_dir: /scratch/yl9539/mmdetection/work_dirs/mask_rcnn_swin-t-p4-w7_fpn_1x_coco_datapath_loadckpt_new
2022-12-16 17:03:01,967 - mmdet - INFO - Hooks will be executed in the following order:
before_run:
(VERY_HIGH   ) StepLrUpdaterHook                  
(NORMAL      ) CheckpointHook                     
(LOW         ) DistEvalHook                       
(VERY_LOW    ) TextLoggerHook                     
 -------------------- 
before_train_epoch:
(VERY_HIGH   ) StepLrUpdaterHook                  
(NORMAL      ) NumClassCheckHook                  
(NORMAL      ) DistSamplerSeedHook                
(LOW         ) IterTimerHook                      
(LOW         ) DistEvalHook                       
(VERY_LOW    ) TextLoggerHook                     
 -------------------- 
before_train_iter:
(VERY_HIGH   ) StepLrUpdaterHook                  
(LOW         ) IterTimerHook                      
(LOW         ) DistEvalHook                       
 -------------------- 
after_train_iter:
(ABOVE_NORMAL) OptimizerHook                      
(NORMAL      ) CheckpointHook                     
(LOW         ) IterTimerHook                      
(LOW         ) DistEvalHook                       
(VERY_LOW    ) TextLoggerHook                     
 -------------------- 
after_train_epoch:
(NORMAL      ) CheckpointHook                     
(LOW         ) DistEvalHook                       
(VERY_LOW    ) TextLoggerHook                     
 -------------------- 
before_val_epoch:
(NORMAL      ) NumClassCheckHook                  
(NORMAL      ) DistSamplerSeedHook                
(LOW         ) IterTimerHook                      
(VERY_LOW    ) TextLoggerHook                     
 -------------------- 
before_val_iter:
(LOW         ) IterTimerHook                      
 -------------------- 
after_val_iter:
(LOW         ) IterTimerHook                      
 -------------------- 
after_val_epoch:
(VERY_LOW    ) TextLoggerHook                     
 -------------------- 
after_run:
(VERY_LOW    ) TextLoggerHook                     
 -------------------- 
2022-12-16 17:03:01,967 - mmdet - INFO - workflow: [('train', 1)], max: 12 epochs
2022-12-16 17:03:01,967 - mmdet - INFO - Checkpoints will be saved to /scratch/yl9539/mmdetection/work_dirs/mask_rcnn_swin-t-p4-w7_fpn_1x_coco_datapath_loadckpt_new by HardDiskBackend.
2022-12-16 17:03:11,284 - mmcv - INFO - Reducer buckets have been rebuilt in this iteration.
2022-12-16 17:03:33,677 - mmdet - INFO - Epoch [1][50/14659]	lr: 4.995e-06, eta: 1 day, 6:58:22, time: 0.634, data_time: 0.111, memory: 6941, loss_rpn_cls: 0.6593, loss_rpn_bbox: 0.1217, loss_cls: 2.7031, acc: 62.9092, loss_bbox: 0.0159, loss_mask: 1.0810, loss: 4.5809
2022-12-16 17:03:56,503 - mmdet - INFO - Epoch [1][100/14659]	lr: 9.990e-06, eta: 1 day, 2:37:43, time: 0.456, data_time: 0.033, memory: 6955, loss_rpn_cls: 0.4837, loss_rpn_bbox: 0.0943, loss_cls: 0.5731, acc: 95.6426, loss_bbox: 0.1226, loss_mask: 0.7971, loss: 2.0708
2022-12-16 17:04:19,716 - mmdet - INFO - Epoch [1][150/14659]	lr: 1.499e-05, eta: 1 day, 1:18:09, time: 0.464, data_time: 0.030, memory: 7072, loss_rpn_cls: 0.3168, loss_rpn_bbox: 0.1010, loss_cls: 0.4064, acc: 94.6172, loss_bbox: 0.1767, loss_mask: 0.7241, loss: 1.7249
2022-12-16 17:04:42,753 - mmdet - INFO - Epoch [1][200/14659]	lr: 1.998e-05, eta: 1 day, 0:35:35, time: 0.461, data_time: 0.026, memory: 7072, loss_rpn_cls: 0.2398, loss_rpn_bbox: 0.0923, loss_cls: 0.3794, acc: 94.4727, loss_bbox: 0.1860, loss_mask: 0.7015, loss: 1.5990
2022-12-16 17:05:06,279 - mmdet - INFO - Epoch [1][250/14659]	lr: 2.498e-05, eta: 1 day, 0:15:38, time: 0.471, data_time: 0.027, memory: 7114, loss_rpn_cls: 0.2382, loss_rpn_bbox: 0.1065, loss_cls: 0.4209, acc: 93.6704, loss_bbox: 0.2111, loss_mask: 0.6874, loss: 1.6640
2022-12-16 17:05:28,795 - mmdet - INFO - Epoch [1][300/14659]	lr: 2.997e-05, eta: 23:52:20, time: 0.450, data_time: 0.028, memory: 7114, loss_rpn_cls: 0.1762, loss_rpn_bbox: 0.0916, loss_cls: 0.4323, acc: 93.4229, loss_bbox: 0.2324, loss_mask: 0.6753, loss: 1.6077
2022-12-16 17:05:52,060 - mmdet - INFO - Epoch [1][350/14659]	lr: 3.497e-05, eta: 23:41:51, time: 0.465, data_time: 0.034, memory: 7114, loss_rpn_cls: 0.1525, loss_rpn_bbox: 0.0999, loss_cls: 0.4416, acc: 92.8594, loss_bbox: 0.2518, loss_mask: 0.6539, loss: 1.5997
2022-12-16 17:06:14,750 - mmdet - INFO - Epoch [1][400/14659]	lr: 3.996e-05, eta: 23:29:42, time: 0.454, data_time: 0.027, memory: 7114, loss_rpn_cls: 0.1248, loss_rpn_bbox: 0.0875, loss_cls: 0.4328, acc: 92.6309, loss_bbox: 0.2669, loss_mask: 0.6267, loss: 1.5388
2022-12-16 17:06:37,911 - mmdet - INFO - Epoch [1][450/14659]	lr: 4.496e-05, eta: 23:23:13, time: 0.463, data_time: 0.033, memory: 7128, loss_rpn_cls: 0.1164, loss_rpn_bbox: 0.0928, loss_cls: 0.4484, acc: 92.1816, loss_bbox: 0.2859, loss_mask: 0.6219, loss: 1.5655
2022-12-16 17:07:01,334 - mmdet - INFO - Epoch [1][500/14659]	lr: 4.995e-05, eta: 23:19:29, time: 0.468, data_time: 0.034, memory: 7201, loss_rpn_cls: 0.1140, loss_rpn_bbox: 0.0935, loss_cls: 0.4887, acc: 91.2231, loss_bbox: 0.3284, loss_mask: 0.5832, loss: 1.6078
2022-12-16 17:07:25,361 - mmdet - INFO - Epoch [1][550/14659]	lr: 5.495e-05, eta: 23:19:34, time: 0.481, data_time: 0.035, memory: 7201, loss_rpn_cls: 0.1167, loss_rpn_bbox: 0.1015, loss_cls: 0.5145, acc: 90.2017, loss_bbox: 0.3650, loss_mask: 0.5704, loss: 1.6682
2022-12-16 17:07:48,802 - mmdet - INFO - Epoch [1][600/14659]	lr: 5.994e-05, eta: 23:16:43, time: 0.469, data_time: 0.031, memory: 7329, loss_rpn_cls: 0.0991, loss_rpn_bbox: 0.0851, loss_cls: 0.4672, acc: 91.2642, loss_bbox: 0.3212, loss_mask: 0.5556, loss: 1.5283
2022-12-16 17:08:11,918 - mmdet - INFO - Epoch [1][650/14659]	lr: 6.494e-05, eta: 23:12:47, time: 0.462, data_time: 0.033, memory: 7329, loss_rpn_cls: 0.1021, loss_rpn_bbox: 0.0959, loss_cls: 0.4525, acc: 91.0859, loss_bbox: 0.3235, loss_mask: 0.5256, loss: 1.4996
2022-12-16 17:08:35,473 - mmdet - INFO - Epoch [1][700/14659]	lr: 6.993e-05, eta: 23:11:11, time: 0.471, data_time: 0.026, memory: 7329, loss_rpn_cls: 0.1010, loss_rpn_bbox: 0.0875, loss_cls: 0.4592, acc: 90.5205, loss_bbox: 0.3475, loss_mask: 0.5037, loss: 1.4989
2022-12-16 17:08:58,983 - mmdet - INFO - Epoch [1][750/14659]	lr: 7.493e-05, eta: 23:09:35, time: 0.470, data_time: 0.030, memory: 7329, loss_rpn_cls: 0.0964, loss_rpn_bbox: 0.0890, loss_cls: 0.4589, acc: 90.6431, loss_bbox: 0.3357, loss_mask: 0.5150, loss: 1.4950
2022-12-16 17:09:22,875 - mmdet - INFO - Epoch [1][800/14659]	lr: 7.992e-05, eta: 23:09:31, time: 0.478, data_time: 0.029, memory: 7329, loss_rpn_cls: 0.0835, loss_rpn_bbox: 0.0824, loss_cls: 0.4543, acc: 89.9590, loss_bbox: 0.3590, loss_mask: 0.4855, loss: 1.4646
2022-12-16 17:09:46,718 - mmdet - INFO - Epoch [1][850/14659]	lr: 8.492e-05, eta: 23:09:15, time: 0.477, data_time: 0.031, memory: 7329, loss_rpn_cls: 0.0900, loss_rpn_bbox: 0.0842, loss_cls: 0.4528, acc: 89.9482, loss_bbox: 0.3631, loss_mask: 0.4788, loss: 1.4690
2022-12-16 17:10:10,848 - mmdet - INFO - Epoch [1][900/14659]	lr: 8.991e-05, eta: 23:09:54, time: 0.483, data_time: 0.031, memory: 7329, loss_rpn_cls: 0.0913, loss_rpn_bbox: 0.0861, loss_cls: 0.4558, acc: 89.4863, loss_bbox: 0.3776, loss_mask: 0.4866, loss: 1.4973
2022-12-16 17:10:34,714 - mmdet - INFO - Epoch [1][950/14659]	lr: 9.491e-05, eta: 23:09:37, time: 0.477, data_time: 0.030, memory: 7329, loss_rpn_cls: 0.0927, loss_rpn_bbox: 0.0854, loss_cls: 0.4359, acc: 89.8521, loss_bbox: 0.3512, loss_mask: 0.4680, loss: 1.4332
2022-12-16 17:10:58,522 - mmdet - INFO - Exp name: mask_rcnn_swin-t-p4-w7_fpn_1x_coco_datapath_loadckpt_new.py
2022-12-16 17:10:58,522 - mmdet - INFO - Epoch [1][1000/14659]	lr: 9.990e-05, eta: 23:09:10, time: 0.476, data_time: 0.027, memory: 7329, loss_rpn_cls: 0.0847, loss_rpn_bbox: 0.0844, loss_cls: 0.4321, acc: 90.1182, loss_bbox: 0.3477, loss_mask: 0.4536, loss: 1.4026
2022-12-16 17:11:22,416 - mmdet - INFO - Epoch [1][1050/14659]	lr: 1.000e-04, eta: 23:08:57, time: 0.478, data_time: 0.033, memory: 7329, loss_rpn_cls: 0.0766, loss_rpn_bbox: 0.0758, loss_cls: 0.3944, acc: 90.5215, loss_bbox: 0.3379, loss_mask: 0.4390, loss: 1.3237
2022-12-16 17:11:45,918 - mmdet - INFO - Epoch [1][1100/14659]	lr: 1.000e-04, eta: 23:07:41, time: 0.470, data_time: 0.030, memory: 7329, loss_rpn_cls: 0.0858, loss_rpn_bbox: 0.0840, loss_cls: 0.4264, acc: 89.4033, loss_bbox: 0.3680, loss_mask: 0.4463, loss: 1.4104
2022-12-16 17:12:09,814 - mmdet - INFO - Epoch [1][1150/14659]	lr: 1.000e-04, eta: 23:07:29, time: 0.478, data_time: 0.029, memory: 7329, loss_rpn_cls: 0.0810, loss_rpn_bbox: 0.0867, loss_cls: 0.4002, acc: 89.9600, loss_bbox: 0.3478, loss_mask: 0.4342, loss: 1.3499
2022-12-16 17:12:33,747 - mmdet - INFO - Epoch [1][1200/14659]	lr: 1.000e-04, eta: 23:07:22, time: 0.479, data_time: 0.030, memory: 7329, loss_rpn_cls: 0.0829, loss_rpn_bbox: 0.0839, loss_cls: 0.3932, acc: 89.9863, loss_bbox: 0.3532, loss_mask: 0.4322, loss: 1.3453
2022-12-16 17:12:58,056 - mmdet - INFO - Epoch [1][1250/14659]	lr: 1.000e-04, eta: 23:08:06, time: 0.486, data_time: 0.036, memory: 7348, loss_rpn_cls: 0.0795, loss_rpn_bbox: 0.0843, loss_cls: 0.4058, acc: 89.2539, loss_bbox: 0.3793, loss_mask: 0.4332, loss: 1.3821
2022-12-16 17:13:22,280 - mmdet - INFO - Epoch [1][1300/14659]	lr: 1.000e-04, eta: 23:08:34, time: 0.484, data_time: 0.036, memory: 7348, loss_rpn_cls: 0.0826, loss_rpn_bbox: 0.0840, loss_cls: 0.4005, acc: 89.3618, loss_bbox: 0.3746, loss_mask: 0.4251, loss: 1.3667
2022-12-16 17:13:46,305 - mmdet - INFO - Epoch [1][1350/14659]	lr: 1.000e-04, eta: 23:08:31, time: 0.480, data_time: 0.030, memory: 7348, loss_rpn_cls: 0.0802, loss_rpn_bbox: 0.0876, loss_cls: 0.3916, acc: 89.6675, loss_bbox: 0.3606, loss_mask: 0.4236, loss: 1.3435
2022-12-16 17:14:10,006 - mmdet - INFO - Epoch [1][1400/14659]	lr: 1.000e-04, eta: 23:07:47, time: 0.474, data_time: 0.027, memory: 7348, loss_rpn_cls: 0.0757, loss_rpn_bbox: 0.0773, loss_cls: 0.3753, acc: 90.0249, loss_bbox: 0.3415, loss_mask: 0.4150, loss: 1.2848
2022-12-16 17:14:33,658 - mmdet - INFO - Epoch [1][1450/14659]	lr: 1.000e-04, eta: 23:06:58, time: 0.473, data_time: 0.028, memory: 7348, loss_rpn_cls: 0.0891, loss_rpn_bbox: 0.0777, loss_cls: 0.3797, acc: 90.0532, loss_bbox: 0.3424, loss_mask: 0.4113, loss: 1.3002
2022-12-16 17:14:57,551 - mmdet - INFO - Epoch [1][1500/14659]	lr: 1.000e-04, eta: 23:06:40, time: 0.478, data_time: 0.028, memory: 7348, loss_rpn_cls: 0.0807, loss_rpn_bbox: 0.0853, loss_cls: 0.4064, acc: 89.1646, loss_bbox: 0.3730, loss_mask: 0.4101, loss: 1.3556
2022-12-16 17:15:21,667 - mmdet - INFO - Epoch [1][1550/14659]	lr: 1.000e-04, eta: 23:06:45, time: 0.482, data_time: 0.031, memory: 7348, loss_rpn_cls: 0.0702, loss_rpn_bbox: 0.0754, loss_cls: 0.3828, acc: 89.7778, loss_bbox: 0.3458, loss_mask: 0.3922, loss: 1.2664
2022-12-16 17:15:45,402 - mmdet - INFO - Epoch [1][1600/14659]	lr: 1.000e-04, eta: 23:06:08, time: 0.475, data_time: 0.034, memory: 7348, loss_rpn_cls: 0.0795, loss_rpn_bbox: 0.0781, loss_cls: 0.3613, acc: 90.3271, loss_bbox: 0.3370, loss_mask: 0.3988, loss: 1.2547
2022-12-16 17:16:09,084 - mmdet - INFO - Epoch [1][1650/14659]	lr: 1.000e-04, eta: 23:05:25, time: 0.474, data_time: 0.029, memory: 7348, loss_rpn_cls: 0.0732, loss_rpn_bbox: 0.0770, loss_cls: 0.3793, acc: 89.8691, loss_bbox: 0.3502, loss_mask: 0.4101, loss: 1.2897
2022-12-16 17:16:33,298 - mmdet - INFO - Epoch [1][1700/14659]	lr: 1.000e-04, eta: 23:05:39, time: 0.484, data_time: 0.032, memory: 7348, loss_rpn_cls: 0.0768, loss_rpn_bbox: 0.0799, loss_cls: 0.3770, acc: 89.4062, loss_bbox: 0.3629, loss_mask: 0.3834, loss: 1.2799
2022-12-16 17:16:57,485 - mmdet - INFO - Epoch [1][1750/14659]	lr: 1.000e-04, eta: 23:05:47, time: 0.484, data_time: 0.036, memory: 7348, loss_rpn_cls: 0.0699, loss_rpn_bbox: 0.0734, loss_cls: 0.3778, acc: 89.4863, loss_bbox: 0.3629, loss_mask: 0.3887, loss: 1.2727
2022-12-16 17:17:21,346 - mmdet - INFO - Epoch [1][1800/14659]	lr: 1.000e-04, eta: 23:05:22, time: 0.477, data_time: 0.033, memory: 7348, loss_rpn_cls: 0.0702, loss_rpn_bbox: 0.0804, loss_cls: 0.3666, acc: 89.7759, loss_bbox: 0.3534, loss_mask: 0.3899, loss: 1.2605
2022-12-16 17:17:45,411 - mmdet - INFO - Epoch [1][1850/14659]	lr: 1.000e-04, eta: 23:05:16, time: 0.481, data_time: 0.027, memory: 7348, loss_rpn_cls: 0.0778, loss_rpn_bbox: 0.0789, loss_cls: 0.3846, acc: 89.4517, loss_bbox: 0.3573, loss_mask: 0.3911, loss: 1.2897
2022-12-16 17:18:09,381 - mmdet - INFO - Epoch [1][1900/14659]	lr: 1.000e-04, eta: 23:05:01, time: 0.479, data_time: 0.029, memory: 7348, loss_rpn_cls: 0.0733, loss_rpn_bbox: 0.0757, loss_cls: 0.3667, acc: 89.8877, loss_bbox: 0.3471, loss_mask: 0.3872, loss: 1.2500
2022-12-16 17:18:32,974 - mmdet - INFO - Epoch [1][1950/14659]	lr: 1.000e-04, eta: 23:04:12, time: 0.472, data_time: 0.030, memory: 7348, loss_rpn_cls: 0.0806, loss_rpn_bbox: 0.0734, loss_cls: 0.3659, acc: 89.8188, loss_bbox: 0.3437, loss_mask: 0.3819, loss: 1.2453
2022-12-16 17:18:56,956 - mmdet - INFO - Exp name: mask_rcnn_swin-t-p4-w7_fpn_1x_coco_datapath_loadckpt_new.py
2022-12-16 17:18:56,957 - mmdet - INFO - Epoch [1][2000/14659]	lr: 1.000e-04, eta: 23:03:58, time: 0.480, data_time: 0.034, memory: 7348, loss_rpn_cls: 0.0694, loss_rpn_bbox: 0.0776, loss_cls: 0.3703, acc: 89.4722, loss_bbox: 0.3626, loss_mask: 0.3810, loss: 1.2609
2022-12-16 17:19:21,083 - mmdet - INFO - Epoch [1][2050/14659]	lr: 1.000e-04, eta: 23:03:55, time: 0.483, data_time: 0.032, memory: 7348, loss_rpn_cls: 0.0718, loss_rpn_bbox: 0.0822, loss_cls: 0.3729, acc: 89.2222, loss_bbox: 0.3706, loss_mask: 0.3839, loss: 1.2813
2022-12-16 17:19:45,696 - mmdet - INFO - Epoch [1][2100/14659]	lr: 1.000e-04, eta: 23:04:32, time: 0.492, data_time: 0.038, memory: 7348, loss_rpn_cls: 0.0789, loss_rpn_bbox: 0.0846, loss_cls: 0.3540, acc: 89.7212, loss_bbox: 0.3527, loss_mask: 0.3840, loss: 1.2543
2022-12-16 17:20:09,534 - mmdet - INFO - Epoch [1][2150/14659]	lr: 1.000e-04, eta: 23:04:03, time: 0.477, data_time: 0.022, memory: 7348, loss_rpn_cls: 0.0663, loss_rpn_bbox: 0.0737, loss_cls: 0.3427, acc: 90.1602, loss_bbox: 0.3308, loss_mask: 0.3649, loss: 1.1784
2022-12-16 17:20:33,725 - mmdet - INFO - Epoch [1][2200/14659]	lr: 1.000e-04, eta: 23:04:03, time: 0.484, data_time: 0.029, memory: 7348, loss_rpn_cls: 0.0639, loss_rpn_bbox: 0.0744, loss_cls: 0.3508, acc: 89.9795, loss_bbox: 0.3376, loss_mask: 0.3636, loss: 1.1903
2022-12-16 17:20:57,523 - mmdet - INFO - Epoch [1][2250/14659]	lr: 1.000e-04, eta: 23:03:30, time: 0.476, data_time: 0.027, memory: 7348, loss_rpn_cls: 0.0707, loss_rpn_bbox: 0.0750, loss_cls: 0.3479, acc: 90.1177, loss_bbox: 0.3350, loss_mask: 0.3688, loss: 1.1975
2022-12-16 17:21:22,072 - mmdet - INFO - Epoch [1][2300/14659]	lr: 1.000e-04, eta: 23:03:55, time: 0.491, data_time: 0.026, memory: 7349, loss_rpn_cls: 0.0753, loss_rpn_bbox: 0.0808, loss_cls: 0.3495, acc: 90.0029, loss_bbox: 0.3390, loss_mask: 0.3618, loss: 1.2066
2022-12-16 17:21:46,384 - mmdet - INFO - Epoch [1][2350/14659]	lr: 1.000e-04, eta: 23:04:01, time: 0.486, data_time: 0.035, memory: 7349, loss_rpn_cls: 0.0726, loss_rpn_bbox: 0.0761, loss_cls: 0.3749, acc: 89.2705, loss_bbox: 0.3657, loss_mask: 0.3632, loss: 1.2524
2022-12-16 17:22:10,261 - mmdet - INFO - Epoch [1][2400/14659]	lr: 1.000e-04, eta: 23:03:34, time: 0.478, data_time: 0.034, memory: 7349, loss_rpn_cls: 0.0673, loss_rpn_bbox: 0.0743, loss_cls: 0.3576, acc: 90.0298, loss_bbox: 0.3423, loss_mask: 0.3664, loss: 1.2079
2022-12-16 17:22:34,227 - mmdet - INFO - Epoch [1][2450/14659]	lr: 1.000e-04, eta: 23:03:13, time: 0.479, data_time: 0.024, memory: 7349, loss_rpn_cls: 0.0675, loss_rpn_bbox: 0.0752, loss_cls: 0.3490, acc: 90.1099, loss_bbox: 0.3316, loss_mask: 0.3684, loss: 1.1918
2022-12-16 17:22:57,876 - mmdet - INFO - Epoch [1][2500/14659]	lr: 1.000e-04, eta: 23:02:30, time: 0.473, data_time: 0.027, memory: 7349, loss_rpn_cls: 0.0654, loss_rpn_bbox: 0.0725, loss_cls: 0.3514, acc: 89.9048, loss_bbox: 0.3443, loss_mask: 0.3623, loss: 1.1959
2022-12-16 17:23:22,141 - mmdet - INFO - Epoch [1][2550/14659]	lr: 1.000e-04, eta: 23:02:29, time: 0.485, data_time: 0.036, memory: 7349, loss_rpn_cls: 0.0710, loss_rpn_bbox: 0.0748, loss_cls: 0.3591, acc: 89.5645, loss_bbox: 0.3514, loss_mask: 0.3683, loss: 1.2246
2022-12-16 17:23:46,235 - mmdet - INFO - Epoch [1][2600/14659]	lr: 1.000e-04, eta: 23:02:17, time: 0.482, data_time: 0.033, memory: 7349, loss_rpn_cls: 0.0656, loss_rpn_bbox: 0.0753, loss_cls: 0.3453, acc: 89.6787, loss_bbox: 0.3535, loss_mask: 0.3692, loss: 1.2089
2022-12-16 17:24:09,737 - mmdet - INFO - Epoch [1][2650/14659]	lr: 1.000e-04, eta: 23:01:25, time: 0.470, data_time: 0.027, memory: 7349, loss_rpn_cls: 0.0697, loss_rpn_bbox: 0.0718, loss_cls: 0.3541, acc: 89.8228, loss_bbox: 0.3472, loss_mask: 0.3743, loss: 1.2172
2022-12-16 17:24:33,866 - mmdet - INFO - Epoch [1][2700/14659]	lr: 1.000e-04, eta: 23:01:14, time: 0.483, data_time: 0.030, memory: 7349, loss_rpn_cls: 0.0697, loss_rpn_bbox: 0.0793, loss_cls: 0.3442, acc: 89.8740, loss_bbox: 0.3429, loss_mask: 0.3563, loss: 1.1925
2022-12-16 17:24:57,816 - mmdet - INFO - Epoch [1][2750/14659]	lr: 1.000e-04, eta: 23:00:52, time: 0.479, data_time: 0.030, memory: 7349, loss_rpn_cls: 0.0622, loss_rpn_bbox: 0.0703, loss_cls: 0.3526, acc: 89.7031, loss_bbox: 0.3464, loss_mask: 0.3540, loss: 1.1856
2022-12-16 17:25:21,510 - mmdet - INFO - Epoch [1][2800/14659]	lr: 1.000e-04, eta: 23:00:14, time: 0.474, data_time: 0.028, memory: 7349, loss_rpn_cls: 0.0714, loss_rpn_bbox: 0.0761, loss_cls: 0.3383, acc: 90.4302, loss_bbox: 0.3244, loss_mask: 0.3548, loss: 1.1649
2022-12-16 17:25:45,327 - mmdet - INFO - Epoch [1][2850/14659]	lr: 1.000e-04, eta: 22:59:44, time: 0.476, data_time: 0.036, memory: 7349, loss_rpn_cls: 0.0633, loss_rpn_bbox: 0.0736, loss_cls: 0.3289, acc: 90.3794, loss_bbox: 0.3285, loss_mask: 0.3600, loss: 1.1543
slurmstepd: error: *** JOB 28339635 ON gr044 CANCELLED AT 2022-12-16T17:25:56 ***
