/scratch/yl9539/miniconda3/envs/openmmlab/lib/python3.8/site-packages/torch/distributed/launch.py:180: FutureWarning: The module torch.distributed.launch is deprecated
and will be removed in future. Use torchrun.
Note that --use_env is set by default in torchrun.
If your script expects `--local_rank` argument to be set, please
change it to read from `os.environ['LOCAL_RANK']` instead. See 
https://pytorch.org/docs/stable/distributed.html#launch-utility for 
further instructions

  warnings.warn(
WARNING:torch.distributed.run:
*****************************************
Setting OMP_NUM_THREADS environment variable for each process to be 1 in default, to avoid your system being overloaded, please further tune the variable for optimal performance in your application as needed. 
*****************************************
/scratch/yl9539/miniconda3/envs/openmmlab/lib/python3.8/site-packages/mmcv/__init__.py:20: UserWarning: On January 1, 2023, MMCV will release v2.0.0, in which it will remove components related to the training process and add a data transformation module. In addition, it will rename the package names mmcv to mmcv-lite and mmcv-full to mmcv. See https://github.com/open-mmlab/mmcv/blob/master/docs/en/compatibility.md for more details.
  warnings.warn(
/scratch/yl9539/miniconda3/envs/openmmlab/lib/python3.8/site-packages/mmcv/__init__.py:20: UserWarning: On January 1, 2023, MMCV will release v2.0.0, in which it will remove components related to the training process and add a data transformation module. In addition, it will rename the package names mmcv to mmcv-lite and mmcv-full to mmcv. See https://github.com/open-mmlab/mmcv/blob/master/docs/en/compatibility.md for more details.
  warnings.warn(
/scratch/yl9539/miniconda3/envs/openmmlab/lib/python3.8/site-packages/mmcv/__init__.py:20: UserWarning: On January 1, 2023, MMCV will release v2.0.0, in which it will remove components related to the training process and add a data transformation module. In addition, it will rename the package names mmcv to mmcv-lite and mmcv-full to mmcv. See https://github.com/open-mmlab/mmcv/blob/master/docs/en/compatibility.md for more details.
  warnings.warn(
/scratch/yl9539/miniconda3/envs/openmmlab/lib/python3.8/site-packages/mmcv/__init__.py:20: UserWarning: On January 1, 2023, MMCV will release v2.0.0, in which it will remove components related to the training process and add a data transformation module. In addition, it will rename the package names mmcv to mmcv-lite and mmcv-full to mmcv. See https://github.com/open-mmlab/mmcv/blob/master/docs/en/compatibility.md for more details.
  warnings.warn(
/home/yl9539/.local/lib/python3.8/site-packages/torchvision/io/image.py:13: UserWarning: Failed to load image Python extension: /home/yl9539/.local/lib/python3.8/site-packages/torchvision/image.so: undefined symbol: _ZN2at4_ops19empty_memory_format4callEN3c108ArrayRefIlEENS2_8optionalINS2_10ScalarTypeEEENS5_INS2_6LayoutEEENS5_INS2_6DeviceEEENS5_IbEENS5_INS2_12MemoryFormatEEE
  warn(f"Failed to load image Python extension: {e}")
/home/yl9539/.local/lib/python3.8/site-packages/torchvision/io/image.py:13: UserWarning: Failed to load image Python extension: /home/yl9539/.local/lib/python3.8/site-packages/torchvision/image.so: undefined symbol: _ZN2at4_ops19empty_memory_format4callEN3c108ArrayRefIlEENS2_8optionalINS2_10ScalarTypeEEENS5_INS2_6LayoutEEENS5_INS2_6DeviceEEENS5_IbEENS5_INS2_12MemoryFormatEEE
  warn(f"Failed to load image Python extension: {e}")
/home/yl9539/.local/lib/python3.8/site-packages/torchvision/io/image.py:13: UserWarning: Failed to load image Python extension: /home/yl9539/.local/lib/python3.8/site-packages/torchvision/image.so: undefined symbol: _ZN2at4_ops19empty_memory_format4callEN3c108ArrayRefIlEENS2_8optionalINS2_10ScalarTypeEEENS5_INS2_6LayoutEEENS5_INS2_6DeviceEEENS5_IbEENS5_INS2_12MemoryFormatEEE
  warn(f"Failed to load image Python extension: {e}")
/home/yl9539/.local/lib/python3.8/site-packages/torchvision/io/image.py:13: UserWarning: Failed to load image Python extension: /home/yl9539/.local/lib/python3.8/site-packages/torchvision/image.so: undefined symbol: _ZN2at4_ops19empty_memory_format4callEN3c108ArrayRefIlEENS2_8optionalINS2_10ScalarTypeEEENS5_INS2_6LayoutEEENS5_INS2_6DeviceEEENS5_IbEENS5_INS2_12MemoryFormatEEE
  warn(f"Failed to load image Python extension: {e}")
/scratch/yl9539/mmdetection/mmdet/utils/setup_env.py:48: UserWarning: Setting MKL_NUM_THREADS environment variable for each process to be 1 in default, to avoid your system being overloaded, please further tune the variable for optimal performance in your application as needed.
  warnings.warn(
/scratch/yl9539/mmdetection/mmdet/utils/setup_env.py:48: UserWarning: Setting MKL_NUM_THREADS environment variable for each process to be 1 in default, to avoid your system being overloaded, please further tune the variable for optimal performance in your application as needed.
  warnings.warn(
/scratch/yl9539/mmdetection/mmdet/utils/setup_env.py:48: UserWarning: Setting MKL_NUM_THREADS environment variable for each process to be 1 in default, to avoid your system being overloaded, please further tune the variable for optimal performance in your application as needed.
  warnings.warn(
/scratch/yl9539/mmdetection/mmdet/utils/setup_env.py:48: UserWarning: Setting MKL_NUM_THREADS environment variable for each process to be 1 in default, to avoid your system being overloaded, please further tune the variable for optimal performance in your application as needed.
  warnings.warn(
2022-12-16 13:12:04,821 - mmdet - INFO - Environment info:
------------------------------------------------------------
sys.platform: linux
Python: 3.8.15 (default, Nov 24 2022, 15:19:38) [GCC 11.2.0]
CUDA available: True
GPU 0,1,2,3: Tesla V100-PCIE-32GB
CUDA_HOME: /scratch/yl9539/miniconda3/envs/openmmlab
NVCC: Cuda compilation tools, release 11.7, V11.7.99
GCC: gcc (GCC) 8.4.1 20200928 (Red Hat 8.4.1-1)
PyTorch: 1.13.1
PyTorch compiling details: PyTorch built with:
  - GCC 9.3
  - C++ Version: 201402
  - Intel(R) oneAPI Math Kernel Library Version 2021.4-Product Build 20210904 for Intel(R) 64 architecture applications
  - Intel(R) MKL-DNN v2.6.0 (Git Hash 52b5f107dd9cf10910aaa19cb47f3abf9b349815)
  - OpenMP 201511 (a.k.a. OpenMP 4.5)
  - LAPACK is enabled (usually provided by MKL)
  - NNPACK is enabled
  - CPU capability usage: AVX2
  - CUDA Runtime 11.7
  - NVCC architecture flags: -gencode;arch=compute_37,code=sm_37;-gencode;arch=compute_50,code=sm_50;-gencode;arch=compute_60,code=sm_60;-gencode;arch=compute_61,code=sm_61;-gencode;arch=compute_70,code=sm_70;-gencode;arch=compute_75,code=sm_75;-gencode;arch=compute_80,code=sm_80;-gencode;arch=compute_86,code=sm_86;-gencode;arch=compute_37,code=compute_37
  - CuDNN 8.5
  - Magma 2.6.1
  - Build settings: BLAS_INFO=mkl, BUILD_TYPE=Release, CUDA_VERSION=11.7, CUDNN_VERSION=8.5.0, CXX_COMPILER=/opt/rh/devtoolset-9/root/usr/bin/c++, CXX_FLAGS= -fabi-version=11 -Wno-deprecated -fvisibility-inlines-hidden -DUSE_PTHREADPOOL -fopenmp -DNDEBUG -DUSE_KINETO -DUSE_FBGEMM -DUSE_QNNPACK -DUSE_PYTORCH_QNNPACK -DUSE_XNNPACK -DSYMBOLICATE_MOBILE_DEBUG_HANDLE -DEDGE_PROFILER_USE_KINETO -O2 -fPIC -Wno-narrowing -Wall -Wextra -Werror=return-type -Werror=non-virtual-dtor -Wno-missing-field-initializers -Wno-type-limits -Wno-array-bounds -Wno-unknown-pragmas -Wunused-local-typedefs -Wno-unused-parameter -Wno-unused-function -Wno-unused-result -Wno-strict-overflow -Wno-strict-aliasing -Wno-error=deprecated-declarations -Wno-stringop-overflow -Wno-psabi -Wno-error=pedantic -Wno-error=redundant-decls -Wno-error=old-style-cast -fdiagnostics-color=always -faligned-new -Wno-unused-but-set-variable -Wno-maybe-uninitialized -fno-math-errno -fno-trapping-math -Werror=format -Werror=cast-function-type -Wno-stringop-overflow, LAPACK_INFO=mkl, PERF_WITH_AVX=1, PERF_WITH_AVX2=1, PERF_WITH_AVX512=1, TORCH_VERSION=1.13.1, USE_CUDA=ON, USE_CUDNN=ON, USE_EXCEPTION_PTR=1, USE_GFLAGS=OFF, USE_GLOG=OFF, USE_MKL=ON, USE_MKLDNN=ON, USE_MPI=OFF, USE_NCCL=ON, USE_NNPACK=ON, USE_OPENMP=ON, USE_ROCM=OFF, 

TorchVision: 0.13.1+cu102
OpenCV: 4.6.0
MMCV: 1.7.0
MMCV Compiler: GCC 9.3
MMCV CUDA Compiler: 11.7
MMDetection: 2.26.0+31c8495
------------------------------------------------------------

2022-12-16 13:12:05,500 - mmdet - INFO - Distributed training: True
2022-12-16 13:12:06,161 - mmdet - INFO - Config:
model = dict(
    type='MaskRCNN',
    backbone=dict(
        type='SwinTransformer',
        embed_dims=96,
        depths=[2, 2, 6, 2],
        num_heads=[3, 6, 12, 24],
        window_size=7,
        mlp_ratio=4,
        qkv_bias=True,
        qk_scale=None,
        drop_rate=0.0,
        attn_drop_rate=0.0,
        drop_path_rate=0.2,
        patch_norm=True,
        out_indices=(0, 1, 2, 3),
        with_cp=False,
        convert_weights=True,
        init_cfg=dict(
            type='Pretrained',
            checkpoint='/scratch/yl9539/mmdetection/zoo/swin_ckpt_epoch_92.pth'
        )),
    neck=dict(
        type='FPN',
        in_channels=[96, 192, 384, 768],
        out_channels=256,
        num_outs=5),
    rpn_head=dict(
        type='RPNHead',
        in_channels=256,
        feat_channels=256,
        anchor_generator=dict(
            type='AnchorGenerator',
            scales=[8],
            ratios=[0.5, 1.0, 2.0],
            strides=[4, 8, 16, 32, 64]),
        bbox_coder=dict(
            type='DeltaXYWHBBoxCoder',
            target_means=[0.0, 0.0, 0.0, 0.0],
            target_stds=[1.0, 1.0, 1.0, 1.0]),
        loss_cls=dict(
            type='CrossEntropyLoss', use_sigmoid=True, loss_weight=1.0),
        loss_bbox=dict(type='L1Loss', loss_weight=1.0)),
    roi_head=dict(
        type='StandardRoIHead',
        bbox_roi_extractor=dict(
            type='SingleRoIExtractor',
            roi_layer=dict(type='RoIAlign', output_size=7, sampling_ratio=0),
            out_channels=256,
            featmap_strides=[4, 8, 16, 32]),
        bbox_head=dict(
            type='Shared2FCBBoxHead',
            in_channels=256,
            fc_out_channels=1024,
            roi_feat_size=7,
            num_classes=80,
            bbox_coder=dict(
                type='DeltaXYWHBBoxCoder',
                target_means=[0.0, 0.0, 0.0, 0.0],
                target_stds=[0.1, 0.1, 0.2, 0.2]),
            reg_class_agnostic=False,
            loss_cls=dict(
                type='CrossEntropyLoss', use_sigmoid=False, loss_weight=1.0),
            loss_bbox=dict(type='L1Loss', loss_weight=1.0)),
        mask_roi_extractor=dict(
            type='SingleRoIExtractor',
            roi_layer=dict(type='RoIAlign', output_size=14, sampling_ratio=0),
            out_channels=256,
            featmap_strides=[4, 8, 16, 32]),
        mask_head=dict(
            type='FCNMaskHead',
            num_convs=4,
            in_channels=256,
            conv_out_channels=256,
            num_classes=80,
            loss_mask=dict(
                type='CrossEntropyLoss', use_mask=True, loss_weight=1.0))),
    train_cfg=dict(
        rpn=dict(
            assigner=dict(
                type='MaxIoUAssigner',
                pos_iou_thr=0.7,
                neg_iou_thr=0.3,
                min_pos_iou=0.3,
                match_low_quality=True,
                ignore_iof_thr=-1),
            sampler=dict(
                type='RandomSampler',
                num=256,
                pos_fraction=0.5,
                neg_pos_ub=-1,
                add_gt_as_proposals=False),
            allowed_border=-1,
            pos_weight=-1,
            debug=False),
        rpn_proposal=dict(
            nms_pre=2000,
            max_per_img=1000,
            nms=dict(type='nms', iou_threshold=0.7),
            min_bbox_size=0),
        rcnn=dict(
            assigner=dict(
                type='MaxIoUAssigner',
                pos_iou_thr=0.5,
                neg_iou_thr=0.5,
                min_pos_iou=0.5,
                match_low_quality=True,
                ignore_iof_thr=-1),
            sampler=dict(
                type='RandomSampler',
                num=512,
                pos_fraction=0.25,
                neg_pos_ub=-1,
                add_gt_as_proposals=True),
            mask_size=28,
            pos_weight=-1,
            debug=False)),
    test_cfg=dict(
        rpn=dict(
            nms_pre=1000,
            max_per_img=1000,
            nms=dict(type='nms', iou_threshold=0.7),
            min_bbox_size=0),
        rcnn=dict(
            score_thr=0.05,
            nms=dict(type='nms', iou_threshold=0.5),
            max_per_img=100,
            mask_thr_binary=0.5)))
dataset_type = 'CocoDataset'
data_root = '../Swin-Transformer-Object-Detection/data/coco/'
img_norm_cfg = dict(
    mean=[123.675, 116.28, 103.53], std=[58.395, 57.12, 57.375], to_rgb=True)
train_pipeline = [
    dict(type='LoadImageFromFile'),
    dict(type='LoadAnnotations', with_bbox=True, with_mask=True),
    dict(type='Resize', img_scale=(1333, 800), keep_ratio=True),
    dict(type='RandomFlip', flip_ratio=0.5),
    dict(
        type='Normalize',
        mean=[123.675, 116.28, 103.53],
        std=[58.395, 57.12, 57.375],
        to_rgb=True),
    dict(type='Pad', size_divisor=32),
    dict(type='DefaultFormatBundle'),
    dict(type='Collect', keys=['img', 'gt_bboxes', 'gt_labels', 'gt_masks'])
]
test_pipeline = [
    dict(type='LoadImageFromFile'),
    dict(
        type='MultiScaleFlipAug',
        img_scale=(1333, 800),
        flip=False,
        transforms=[
            dict(type='Resize', keep_ratio=True),
            dict(type='RandomFlip'),
            dict(
                type='Normalize',
                mean=[123.675, 116.28, 103.53],
                std=[58.395, 57.12, 57.375],
                to_rgb=True),
            dict(type='Pad', size_divisor=32),
            dict(type='ImageToTensor', keys=['img']),
            dict(type='Collect', keys=['img'])
        ])
]
data = dict(
    samples_per_gpu=2,
    workers_per_gpu=2,
    train=dict(
        type='CocoDataset',
        ann_file=
        '../Swin-Transformer-Object-Detection/data/coco/annotations/instances_train2017.json',
        img_prefix='../Swin-Transformer-Object-Detection/data/coco/train2017/',
        pipeline=[
            dict(type='LoadImageFromFile'),
            dict(type='LoadAnnotations', with_bbox=True, with_mask=True),
            dict(type='Resize', img_scale=(1333, 800), keep_ratio=True),
            dict(type='RandomFlip', flip_ratio=0.5),
            dict(
                type='Normalize',
                mean=[123.675, 116.28, 103.53],
                std=[58.395, 57.12, 57.375],
                to_rgb=True),
            dict(type='Pad', size_divisor=32),
            dict(type='DefaultFormatBundle'),
            dict(
                type='Collect',
                keys=['img', 'gt_bboxes', 'gt_labels', 'gt_masks'])
        ]),
    val=dict(
        type='CocoDataset',
        ann_file=
        '../Swin-Transformer-Object-Detection/data/coco/annotations/instances_val2017.json',
        img_prefix='../Swin-Transformer-Object-Detection/data/coco/val2017/',
        pipeline=[
            dict(type='LoadImageFromFile'),
            dict(
                type='MultiScaleFlipAug',
                img_scale=(1333, 800),
                flip=False,
                transforms=[
                    dict(type='Resize', keep_ratio=True),
                    dict(type='RandomFlip'),
                    dict(
                        type='Normalize',
                        mean=[123.675, 116.28, 103.53],
                        std=[58.395, 57.12, 57.375],
                        to_rgb=True),
                    dict(type='Pad', size_divisor=32),
                    dict(type='ImageToTensor', keys=['img']),
                    dict(type='Collect', keys=['img'])
                ])
        ]),
    test=dict(
        type='CocoDataset',
        ann_file=
        '../Swin-Transformer-Object-Detection/data/coco/annotations/instances_val2017.json',
        img_prefix='../Swin-Transformer-Object-Detection/data/coco/val2017/',
        pipeline=[
            dict(type='LoadImageFromFile'),
            dict(
                type='MultiScaleFlipAug',
                img_scale=(1333, 800),
                flip=False,
                transforms=[
                    dict(type='Resize', keep_ratio=True),
                    dict(type='RandomFlip'),
                    dict(
                        type='Normalize',
                        mean=[123.675, 116.28, 103.53],
                        std=[58.395, 57.12, 57.375],
                        to_rgb=True),
                    dict(type='Pad', size_divisor=32),
                    dict(type='ImageToTensor', keys=['img']),
                    dict(type='Collect', keys=['img'])
                ])
        ]))
evaluation = dict(metric=['bbox', 'segm'])
optimizer = dict(
    type='AdamW',
    lr=0.0001,
    betas=(0.9, 0.999),
    weight_decay=0.05,
    paramwise_cfg=dict(
        custom_keys=dict(
            absolute_pos_embed=dict(decay_mult=0.0),
            relative_position_bias_table=dict(decay_mult=0.0),
            norm=dict(decay_mult=0.0))))
optimizer_config = dict(grad_clip=None)
lr_config = dict(
    policy='step',
    warmup='linear',
    warmup_iters=1000,
    warmup_ratio=0.001,
    step=[8, 11])
runner = dict(type='EpochBasedRunner', max_epochs=12)
checkpoint_config = dict(interval=1)
log_config = dict(interval=50, hooks=[dict(type='TextLoggerHook')])
custom_hooks = [dict(type='NumClassCheckHook')]
dist_params = dict(backend='nccl')
log_level = 'INFO'
load_from = None
resume_from = None
workflow = [('train', 1)]
opencv_num_threads = 0
mp_start_method = 'fork'
auto_scale_lr = dict(enable=False, base_batch_size=16)
pretrained = '/scratch/yl9539/mmdetection/zoo/swin_ckpt_epoch_92.pth'
work_dir = './work_dirs/mask_rcnn_swin-t-p4-w7_fpn_1x_coco_datapath_loadckpt'
auto_resume = False
gpu_ids = range(0, 4)

2022-12-16 13:12:06,167 - mmdet - INFO - Set random seed to 0, deterministic: False
2022-12-16 13:12:06,853 - mmdet - INFO - load checkpoint from local path: /scratch/yl9539/mmdetection/zoo/swin_ckpt_epoch_92.pth
Traceback (most recent call last):
Traceback (most recent call last):
Traceback (most recent call last):
  File "./tools/train.py", line 244, in <module>
  File "./tools/train.py", line 244, in <module>
  File "./tools/train.py", line 244, in <module>
            main()main()main()


  File "./tools/train.py", line 216, in main
  File "./tools/train.py", line 216, in main
  File "./tools/train.py", line 216, in main
    model.init_weights()
      File "/scratch/yl9539/miniconda3/envs/openmmlab/lib/python3.8/site-packages/mmcv/runner/base_module.py", line 117, in init_weights
    model.init_weights()model.init_weights()

  File "/scratch/yl9539/miniconda3/envs/openmmlab/lib/python3.8/site-packages/mmcv/runner/base_module.py", line 117, in init_weights
  File "/scratch/yl9539/miniconda3/envs/openmmlab/lib/python3.8/site-packages/mmcv/runner/base_module.py", line 117, in init_weights
Traceback (most recent call last):
  File "./tools/train.py", line 244, in <module>
    main()
  File "./tools/train.py", line 216, in main
    model.init_weights()
  File "/scratch/yl9539/miniconda3/envs/openmmlab/lib/python3.8/site-packages/mmcv/runner/base_module.py", line 117, in init_weights
        m.init_weights()    m.init_weights()
    m.init_weights()  File "/scratch/yl9539/mmdetection/mmdet/models/backbones/swin.py", line 687, in init_weights

m.init_weights()  File "/scratch/yl9539/mmdetection/mmdet/models/backbones/swin.py", line 687, in init_weights


  File "/scratch/yl9539/mmdetection/mmdet/models/backbones/swin.py", line 687, in init_weights
  File "/scratch/yl9539/mmdetection/mmdet/models/backbones/swin.py", line 687, in init_weights
    ckpt = _load_checkpoint(
  File "/scratch/yl9539/miniconda3/envs/openmmlab/lib/python3.8/site-packages/mmcv/runner/checkpoint.py", line 572, in _load_checkpoint
        ckpt = _load_checkpoint(ckpt = _load_checkpoint(

      File "/scratch/yl9539/miniconda3/envs/openmmlab/lib/python3.8/site-packages/mmcv/runner/checkpoint.py", line 572, in _load_checkpoint
  File "/scratch/yl9539/miniconda3/envs/openmmlab/lib/python3.8/site-packages/mmcv/runner/checkpoint.py", line 572, in _load_checkpoint
ckpt = _load_checkpoint(
  File "/scratch/yl9539/miniconda3/envs/openmmlab/lib/python3.8/site-packages/mmcv/runner/checkpoint.py", line 572, in _load_checkpoint
    return CheckpointLoader.load_checkpoint(filename, map_location, logger)
  File "/scratch/yl9539/miniconda3/envs/openmmlab/lib/python3.8/site-packages/mmcv/runner/checkpoint.py", line 314, in load_checkpoint
    return CheckpointLoader.load_checkpoint(filename, map_location, logger)
      File "/scratch/yl9539/miniconda3/envs/openmmlab/lib/python3.8/site-packages/mmcv/runner/checkpoint.py", line 314, in load_checkpoint
    return CheckpointLoader.load_checkpoint(filename, map_location, logger)return CheckpointLoader.load_checkpoint(filename, map_location, logger)

  File "/scratch/yl9539/miniconda3/envs/openmmlab/lib/python3.8/site-packages/mmcv/runner/checkpoint.py", line 314, in load_checkpoint
  File "/scratch/yl9539/miniconda3/envs/openmmlab/lib/python3.8/site-packages/mmcv/runner/checkpoint.py", line 314, in load_checkpoint
    return checkpoint_loader(filename, map_location)  # type: ignore
  File "/scratch/yl9539/miniconda3/envs/openmmlab/lib/python3.8/site-packages/mmcv/runner/checkpoint.py", line 334, in load_from_local
    return checkpoint_loader(filename, map_location)  # type: ignore
  File "/scratch/yl9539/miniconda3/envs/openmmlab/lib/python3.8/site-packages/mmcv/runner/checkpoint.py", line 334, in load_from_local
        return checkpoint_loader(filename, map_location)  # type: ignorereturn checkpoint_loader(filename, map_location)  # type: ignore

      File "/scratch/yl9539/miniconda3/envs/openmmlab/lib/python3.8/site-packages/mmcv/runner/checkpoint.py", line 334, in load_from_local
  File "/scratch/yl9539/miniconda3/envs/openmmlab/lib/python3.8/site-packages/mmcv/runner/checkpoint.py", line 334, in load_from_local
checkpoint = torch.load(filename, map_location=map_location)
  File "/scratch/yl9539/miniconda3/envs/openmmlab/lib/python3.8/site-packages/torch/serialization.py", line 789, in load
    checkpoint = torch.load(filename, map_location=map_location)
  File "/scratch/yl9539/miniconda3/envs/openmmlab/lib/python3.8/site-packages/torch/serialization.py", line 789, in load
        checkpoint = torch.load(filename, map_location=map_location)checkpoint = torch.load(filename, map_location=map_location)

  File "/scratch/yl9539/miniconda3/envs/openmmlab/lib/python3.8/site-packages/torch/serialization.py", line 789, in load
  File "/scratch/yl9539/miniconda3/envs/openmmlab/lib/python3.8/site-packages/torch/serialization.py", line 789, in load
    return _load(opened_zipfile, map_location, pickle_module, **pickle_load_args)
  File "/scratch/yl9539/miniconda3/envs/openmmlab/lib/python3.8/site-packages/torch/serialization.py", line 1131, in _load
    return _load(opened_zipfile, map_location, pickle_module, **pickle_load_args)    
    return _load(opened_zipfile, map_location, pickle_module, **pickle_load_args)  File "/scratch/yl9539/miniconda3/envs/openmmlab/lib/python3.8/site-packages/torch/serialization.py", line 1131, in _load
return _load(opened_zipfile, map_location, pickle_module, **pickle_load_args)

  File "/scratch/yl9539/miniconda3/envs/openmmlab/lib/python3.8/site-packages/torch/serialization.py", line 1131, in _load
  File "/scratch/yl9539/miniconda3/envs/openmmlab/lib/python3.8/site-packages/torch/serialization.py", line 1131, in _load
    result = unpickler.load()
  File "/scratch/yl9539/miniconda3/envs/openmmlab/lib/python3.8/site-packages/torch/serialization.py", line 1124, in find_class
    result = unpickler.load()
  File "/scratch/yl9539/miniconda3/envs/openmmlab/lib/python3.8/site-packages/torch/serialization.py", line 1124, in find_class
        result = unpickler.load()result = unpickler.load()

  File "/scratch/yl9539/miniconda3/envs/openmmlab/lib/python3.8/site-packages/torch/serialization.py", line 1124, in find_class
  File "/scratch/yl9539/miniconda3/envs/openmmlab/lib/python3.8/site-packages/torch/serialization.py", line 1124, in find_class
    return super().find_class(mod_name, name)
ModuleNotFoundError: No module named 'yacs'
    return super().find_class(mod_name, name)
    ModuleNotFoundError    return super().find_class(mod_name, name): return super().find_class(mod_name, name)
No module named 'yacs'

ModuleNotFoundErrorModuleNotFoundError: : No module named 'yacs'No module named 'yacs'

ERROR:torch.distributed.elastic.multiprocessing.api:failed (exitcode: 1) local_rank: 0 (pid: 3297364) of binary: /scratch/yl9539/miniconda3/envs/openmmlab/bin/python
Traceback (most recent call last):
  File "/scratch/yl9539/miniconda3/envs/openmmlab/lib/python3.8/runpy.py", line 194, in _run_module_as_main
    return _run_code(code, main_globals, None,
  File "/scratch/yl9539/miniconda3/envs/openmmlab/lib/python3.8/runpy.py", line 87, in _run_code
    exec(code, run_globals)
  File "/scratch/yl9539/miniconda3/envs/openmmlab/lib/python3.8/site-packages/torch/distributed/launch.py", line 195, in <module>
    main()
  File "/scratch/yl9539/miniconda3/envs/openmmlab/lib/python3.8/site-packages/torch/distributed/launch.py", line 191, in main
    launch(args)
  File "/scratch/yl9539/miniconda3/envs/openmmlab/lib/python3.8/site-packages/torch/distributed/launch.py", line 176, in launch
    run(args)
  File "/scratch/yl9539/miniconda3/envs/openmmlab/lib/python3.8/site-packages/torch/distributed/run.py", line 753, in run
    elastic_launch(
  File "/scratch/yl9539/miniconda3/envs/openmmlab/lib/python3.8/site-packages/torch/distributed/launcher/api.py", line 132, in __call__
    return launch_agent(self._config, self._entrypoint, list(args))
  File "/scratch/yl9539/miniconda3/envs/openmmlab/lib/python3.8/site-packages/torch/distributed/launcher/api.py", line 246, in launch_agent
    raise ChildFailedError(
torch.distributed.elastic.multiprocessing.errors.ChildFailedError: 
============================================================
./tools/train.py FAILED
------------------------------------------------------------
Failures:
[1]:
  time      : 2022-12-16_13:12:14
  host      : gv007.hpc.nyu.edu
  rank      : 1 (local_rank: 1)
  exitcode  : 1 (pid: 3297365)
  error_file: <N/A>
  traceback : To enable traceback see: https://pytorch.org/docs/stable/elastic/errors.html
[2]:
  time      : 2022-12-16_13:12:14
  host      : gv007.hpc.nyu.edu
  rank      : 2 (local_rank: 2)
  exitcode  : 1 (pid: 3297366)
  error_file: <N/A>
  traceback : To enable traceback see: https://pytorch.org/docs/stable/elastic/errors.html
[3]:
  time      : 2022-12-16_13:12:14
  host      : gv007.hpc.nyu.edu
  rank      : 3 (local_rank: 3)
  exitcode  : 1 (pid: 3297367)
  error_file: <N/A>
  traceback : To enable traceback see: https://pytorch.org/docs/stable/elastic/errors.html
------------------------------------------------------------
Root Cause (first observed failure):
[0]:
  time      : 2022-12-16_13:12:14
  host      : gv007.hpc.nyu.edu
  rank      : 0 (local_rank: 0)
  exitcode  : 1 (pid: 3297364)
  error_file: <N/A>
  traceback : To enable traceback see: https://pytorch.org/docs/stable/elastic/errors.html
============================================================
